<?xml version="1.0" encoding="UTF-8"?>
<coverage generated="1510705670">
  <project timestamp="1510705670">
    <file name="/var/www/takeawaytown/packages/laravel-restaurant/src/Restaurant.php">
      <metrics loc="3" ncloc="3" classes="0" methods="0" coveredmethods="0" conditionals="0" coveredconditionals="0" statements="0" coveredstatements="0" elements="0" coveredelements="0"/>
    </file>
    <metrics files="1" loc="3" ncloc="3" classes="0" methods="0" coveredmethods="0" conditionals="0" coveredconditionals="0" statements="0" coveredstatements="0" elements="0" coveredelements="0"/>
  </project>
</coverage>
