<?xml version="1.0" encoding="UTF-8"?>
<coverage generated="1510768400">
  <project timestamp="1510768400">
    <package name="TakeawayTown\LaravelRestaurant">
      <file name="/var/www/takeawaytown/packages/laravel-restaurant/src/Restaurant.php">
        <class name="Restaurant" namespace="TakeawayTown\LaravelRestaurant">
          <metrics complexity="1" methods="1" coveredmethods="0" conditionals="0" coveredconditionals="0" statements="3" coveredstatements="0" elements="4" coveredelements="0"/>
        </class>
        <line num="21" type="method" name="__construct" visibility="public" complexity="1" crap="2" count="0"/>
        <line num="22" type="stmt" count="0"/>
        <line num="23" type="stmt" count="0"/>
        <line num="24" type="stmt" count="0"/>
        <metrics loc="26" ncloc="16" classes="1" methods="1" coveredmethods="0" conditionals="0" coveredconditionals="0" statements="3" coveredstatements="0" elements="4" coveredelements="0"/>
      </file>
    </package>
    <metrics files="1" loc="26" ncloc="16" classes="1" methods="1" coveredmethods="0" conditionals="0" coveredconditionals="0" statements="3" coveredstatements="0" elements="4" coveredelements="0"/>
  </project>
</coverage>
